<?xml version="1.0" encoding="UTF-8"?>
<testsuite xmlns:xsi="http://www.w3.org/2001/XMLSchema-instance" xsi:noNamespaceSchemaLocation="https://maven.apache.org/surefire/maven-surefire-plugin/xsd/surefire-test-report-3.0.xsd" version="3.0" name="managment.LibraryManagerTest" time="0.188" tests="8" errors="0" skipped="0" failures="0">
  <properties>
    <property name="java.specification.version" value="17"/>
    <property name="sun.cpu.isalist" value="amd64"/>
    <property name="sun.jnu.encoding" value="Cp1252"/>
    <property name="java.class.path" value="C:\Users\nal_dev\Documents\dev\BE_Java\LibraryManager\target\test-classes;C:\Users\nal_dev\Documents\dev\BE_Java\LibraryManager\target\classes;C:\Users\nal_dev\.m2\repository\org\junit\jupiter\junit-jupiter-engine\5.9.1\junit-jupiter-engine-5.9.1.jar;C:\Users\nal_dev\.m2\repository\org\junit\platform\junit-platform-engine\1.9.1\junit-platform-engine-1.9.1.jar;C:\Users\nal_dev\.m2\repository\org\opentest4j\opentest4j\1.2.0\opentest4j-1.2.0.jar;C:\Users\nal_dev\.m2\repository\org\junit\platform\junit-platform-commons\1.9.1\junit-platform-commons-1.9.1.jar;C:\Users\nal_dev\.m2\repository\org\junit\jupiter\junit-jupiter-api\5.9.1\junit-jupiter-api-5.9.1.jar;C:\Users\nal_dev\.m2\repository\org\apiguardian\apiguardian-api\1.1.2\apiguardian-api-1.1.2.jar;"/>
    <property name="java.vm.vendor" value="Oracle Corporation"/>
    <property name="sun.arch.data.model" value="64"/>
    <property name="user.variant" value=""/>
    <property name="java.vendor.url" value="https://java.oracle.com/"/>
    <property name="user.timezone" value="Europe/Berlin"/>
    <property name="user.country.format" value="DE"/>
    <property name="os.name" value="Windows 11"/>
    <property name="java.vm.specification.version" value="17"/>
    <property name="sun.java.launcher" value="SUN_STANDARD"/>
    <property name="user.country" value="US"/>
    <property name="sun.boot.library.path" value="C:\Program Files\Java\jdk-17\bin"/>
    <property name="sun.java.command" value="C:\Users\nal_dev\AppData\Local\Temp\surefire15531478581950757262\surefirebooter-20230907014448588_3.jar C:\Users\nal_dev\AppData\Local\Temp\surefire15531478581950757262 2023-09-07T01-44-48_387-jvmRun1 surefire-20230907014448588_1tmp surefire_0-20230907014448588_2tmp"/>
    <property name="jdk.debug" value="release"/>
    <property name="surefire.test.class.path" value="C:\Users\nal_dev\Documents\dev\BE_Java\LibraryManager\target\test-classes;C:\Users\nal_dev\Documents\dev\BE_Java\LibraryManager\target\classes;C:\Users\nal_dev\.m2\repository\org\junit\jupiter\junit-jupiter-engine\5.9.1\junit-jupiter-engine-5.9.1.jar;C:\Users\nal_dev\.m2\repository\org\junit\platform\junit-platform-engine\1.9.1\junit-platform-engine-1.9.1.jar;C:\Users\nal_dev\.m2\repository\org\opentest4j\opentest4j\1.2.0\opentest4j-1.2.0.jar;C:\Users\nal_dev\.m2\repository\org\junit\platform\junit-platform-commons\1.9.1\junit-platform-commons-1.9.1.jar;C:\Users\nal_dev\.m2\repository\org\junit\jupiter\junit-jupiter-api\5.9.1\junit-jupiter-api-5.9.1.jar;C:\Users\nal_dev\.m2\repository\org\apiguardian\apiguardian-api\1.1.2\apiguardian-api-1.1.2.jar;"/>
    <property name="sun.cpu.endian" value="little"/>
    <property name="user.home" value="C:\Users\nal_dev"/>
    <property name="user.language" value="en"/>
    <property name="java.specification.vendor" value="Oracle Corporation"/>
    <property name="java.version.date" value="2023-07-18"/>
    <property name="java.home" value="C:\Program Files\Java\jdk-17"/>
    <property name="file.separator" value="\"/>
    <property name="basedir" value="C:\Users\nal_dev\Documents\dev\BE_Java\LibraryManager"/>
    <property name="java.vm.compressedOopsMode" value="32-bit"/>
    <property name="line.separator" value="&#10;"/>
    <property name="java.vm.specification.vendor" value="Oracle Corporation"/>
    <property name="java.specification.name" value="Java Platform API Specification"/>
    <property name="surefire.real.class.path" value="C:\Users\nal_dev\AppData\Local\Temp\surefire15531478581950757262\surefirebooter-20230907014448588_3.jar"/>
    <property name="user.script" value=""/>
    <property name="sun.management.compiler" value="HotSpot 64-Bit Tiered Compilers"/>
    <property name="java.runtime.version" value="17.0.8+9-LTS-211"/>
    <property name="user.name" value="nal_dev"/>
    <property name="path.separator" value=";"/>
    <property name="os.version" value="10.0"/>
    <property name="java.runtime.name" value="Java(TM) SE Runtime Environment"/>
    <property name="file.encoding" value="Cp1252"/>
    <property name="java.vm.name" value="Java HotSpot(TM) 64-Bit Server VM"/>
    <property name="localRepository" value="C:\Users\nal_dev\.m2\repository"/>
    <property name="java.vendor.url.bug" value="https://bugreport.java.com/bugreport/"/>
    <property name="java.io.tmpdir" value="C:\Users\nal_dev\AppData\Local\Temp\"/>
    <property name="idea.version" value="2023.2.1"/>
    <property name="java.version" value="17.0.8"/>
    <property name="user.dir" value="C:\Users\nal_dev\Documents\dev\BE_Java\LibraryManager"/>
    <property name="os.arch" value="amd64"/>
    <property name="java.vm.specification.name" value="Java Virtual Machine Specification"/>
    <property name="sun.os.patch.level" value=""/>
    <property name="native.encoding" value="Cp1252"/>
    <property name="java.library.path" value="C:\Program Files\Java\jdk-17\bin;C:\Windows\Sun\Java\bin;C:\Windows\system32;C:\Windows;C:\Program Files\Python311\Scripts\;C:\Program Files\Python311\;C:\Program Files\Common Files\Oracle\Java\javapath;C:\Windows\system32;C:\Windows;C:\Windows\System32\Wbem;C:\Windows\System32\WindowsPowerShell\v1.0\;C:\Windows\System32\OpenSSH\;C:\Program Files\Docker\Docker\resources\bin;C:\Program Files\Git\cmd;%NVM_HOME%;%NVM_SYMLINK%;C:\Users\nal_dev\scoop\shims;C:\Users\nal_dev\AppData\Local\Microsoft\WindowsApps;C:\Users\nal_dev\AppData\Local\Programs\Microsoft VS Code\bin;C:\Users\nal_dev\AppData\Local\Programs\oh-my-posh\bin;C:\Users\nal_dev\AppData\Roaming\nvm;C:\Program Files\nodejs;."/>
    <property name="java.vm.info" value="mixed mode, sharing"/>
    <property name="java.vendor" value="Oracle Corporation"/>
    <property name="java.vm.version" value="17.0.8+9-LTS-211"/>
    <property name="sun.io.unicode.encoding" value="UnicodeLittle"/>
    <property name="java.class.version" value="61.0"/>
  </properties>
  <testcase name="addBook" classname="managment.LibraryManagerTest" time="0.077">
    <system-out><![CDATA[
Book { title='book', author='author', publicationYear='1950', ISBN='11111-0', is borrowed='false' }

Book { title='book1', author='author1', publicationYear='1950', ISBN='11111-1', is borrowed='false' }

Book { title='book', author='author', publicationYear='1950', ISBN='11111-0', is borrowed='false' }

Book { title='book1', author='author1', publicationYear='1950', ISBN='11111-1', is borrowed='false' }

Book { title='book', author='author', publicationYear='1950', ISBN='11111-0', is borrowed='false' }

Book { title='book1', author='author1', publicationYear='1950', ISBN='11111-1', is borrowed='false' }
]]></system-out>
  </testcase>
  <testcase name="borrowABookThatIsAvailable" classname="managment.LibraryManagerTest" time="0.038">
    <system-out><![CDATA[Book book has just been hired from User.
To be delivered on : 2023-10-07
Book:  book
Author: author
Book:  book
Author: author
Book:  book
Author: author
]]></system-out>
  </testcase>
  <testcase name="borrowABookThatIsNotAvailable" classname="managment.LibraryManagerTest" time="0.007">
    <system-out><![CDATA[Book book1 is not available in our  Library
User User has not borrowed any books
]]></system-out>
  </testcase>
  <testcase name="borrowABookThatWasAlreadyBorrowed" classname="managment.LibraryManagerTest" time="0.004">
    <system-out><![CDATA[Book book has just been hired from User.
To be delivered on : 2023-10-07
Book book is not available in our  Library
User User1 has not borrowed any books
]]></system-out>
  </testcase>
  <testcase name="getBorrowingBooksByUser" classname="managment.LibraryManagerTest" time="0.002">
    <system-out><![CDATA[Book book has just been hired from User.
To be delivered on : 2023-10-07
Book book1 has just been hired from User.
To be delivered on : 2023-10-07
Book:  book
Author: author
Book:  book1
Author: author1
]]></system-out>
  </testcase>
  <testcase name="getInstance" classname="managment.LibraryManagerTest" time="0.002"/>
  <testcase name="returnBookThatWasBorrowed" classname="managment.LibraryManagerTest" time="0.002">
    <system-out><![CDATA[Book book has just been hired from User.
To be delivered on : 2023-10-07
User returned the book : book
]]></system-out>
  </testcase>
  <testcase name="returnBookThatWasNotBorrowed" classname="managment.LibraryManagerTest" time="0.002">
    <system-out><![CDATA[Book book has just been hired from User.
To be delivered on : 2023-10-07
No borrowing found for User and the book book1
]]></system-out>
  </testcase>
</testsuite>